05/04/2023 02:50:19 PM: INFO: Login Successful
05/04/2023 02:53:01 PM: INFO: Login Successful
05/04/2023 03:05:30 PM: INFO: Login Successful
05/04/2023 03:07:25 PM: INFO: Login Successful
05/04/2023 03:48:03 PM: INFO: Login Successful
05/04/2023 03:51:52 PM: INFO: Login Successful
05/04/2023 03:56:03 PM: INFO: Login Successful
05/04/2023 04:01:39 PM: INFO: Login Successful
05/04/2023 04:03:00 PM: INFO: Login Successful
05/04/2023 05:13:30 PM: INFO: Login Successful, login with kt11
05/04/2023 05:30:05 PM: INFO: Login Successful, login with kt11
05/04/2023 05:31:14 PM: INFO: Login Successful, login with kt11
05/04/2023 05:32:55 PM: INFO: Login Successful, login with kt11
05/04/2023 05:34:07 PM: INFO: Login Successful, login with kt11
05/04/2023 05:35:29 PM: INFO: Login Successful, login with kt11
05/04/2023 05:36:45 PM: INFO: Login Successful, login with kt11
05/04/2023 05:37:57 PM: INFO: Login Successful, login with kt11
05/04/2023 05:39:25 PM: INFO: Login Successful, login with kt11
05/04/2023 05:47:25 PM: INFO: Login Successful, login with kt11
05/04/2023 05:48:41 PM: INFO: Login Successful, login with kt11
05/04/2023 05:49:48 PM: INFO: Login Successful, login with kt11
05/04/2023 05:51:45 PM: INFO: Login Successful, login with kt11
05/04/2023 05:54:27 PM: INFO: Login Successful, login with kt11
05/05/2023 09:49:18 AM: INFO: Login Successful, login with kt11
05/05/2023 10:01:39 AM: INFO: Login Successful, login with kt11
05/05/2023 10:03:08 AM: INFO: Login Successful, login with kt11
05/05/2023 03:13:20 PM: INFO: Login Successful, login with kt11
05/05/2023 03:13:28 PM: INFO: User Wallet amount before bet place= 7880.01
05/05/2023 03:13:28 PM: INFO: User exposure amount before bet place = 920.0
05/05/2023 03:15:28 PM: INFO: Login Successful, login with kt11
05/05/2023 03:15:32 PM: INFO: User Wallet amount before bet place= 7790.01
05/05/2023 03:15:32 PM: INFO: User exposure amount before bet place = 1020.0
05/05/2023 03:22:23 PM: INFO: Login Successful, login with kt11
05/05/2023 03:22:27 PM: INFO: User Wallet amount before bet place= 7690.01
05/05/2023 03:22:27 PM: INFO: User exposure amount before bet place = 1120.0
05/05/2023 03:51:02 PM: INFO: Login Successful, login with kt11
05/05/2023 03:51:08 PM: INFO: User Wallet amount before bet place= 7590.01
05/05/2023 03:51:08 PM: INFO: User exposure amount before bet place = 1120.0
05/05/2023 04:03:36 PM: INFO: Login Successful, login with kt11
05/05/2023 04:03:42 PM: INFO: User Wallet amount before bet place= 7590.01
05/05/2023 04:03:42 PM: INFO: User exposure amount before bet place = 1120.0
05/05/2023 04:06:39 PM: INFO: Login Successful, login with kt11
05/05/2023 04:06:42 PM: INFO: User Wallet amount before bet place= 7590.01
05/05/2023 04:06:42 PM: INFO: User exposure amount before bet place = 1120.0
05/05/2023 04:10:33 PM: INFO: Login Successful, login with kt11
05/05/2023 04:10:40 PM: INFO: User Wallet amount before bet place= 7590.01
05/05/2023 04:10:40 PM: INFO: User exposure amount before bet place = 1120.0
05/05/2023 04:11:55 PM: INFO: Login Successful, login with kt11
05/05/2023 04:11:59 PM: INFO: User Wallet amount before bet place= 7590.01
05/05/2023 04:11:59 PM: INFO: User exposure amount before bet place = 1120.0
05/05/2023 04:13:34 PM: INFO: Login Successful, login with kt11
05/05/2023 04:13:38 PM: INFO: User Wallet amount before bet place= 7590.01
05/05/2023 04:13:38 PM: INFO: User exposure amount before bet place = 1120.0
05/05/2023 04:21:15 PM: INFO: Login Successful, login with kt11
05/05/2023 04:21:19 PM: INFO: User Wallet amount before bet place= 7590.01
05/05/2023 04:21:19 PM: INFO: User exposure amount before bet place = 1120.0
05/05/2023 04:24:02 PM: INFO: Login Successful, login with kt11
05/05/2023 04:24:09 PM: INFO: User Wallet amount before bet place= 7590.01
05/05/2023 04:24:09 PM: INFO: User exposure amount before bet place = 1120.0
05/05/2023 04:35:31 PM: INFO: Login Successful, login with kt11
05/05/2023 04:35:36 PM: INFO: User Wallet amount before bet place= 7590.01
05/05/2023 04:35:36 PM: INFO: User exposure amount before bet place = 1120.0
05/05/2023 04:53:44 PM: INFO: Login Successful, login with kt11
05/05/2023 04:53:49 PM: INFO: User Wallet amount before bet place= 7590.01
05/05/2023 04:53:49 PM: INFO: User exposure amount before bet place = 1120.0
05/05/2023 04:55:33 PM: INFO: Login Successful, login with kt11
05/05/2023 04:55:39 PM: INFO: User Wallet amount before bet place= 7590.01
05/05/2023 04:55:39 PM: INFO: User exposure amount before bet place = 1120.0
05/05/2023 04:59:34 PM: INFO: Login Successful, login with kt11
05/05/2023 04:59:41 PM: INFO: User Wallet amount before bet place= 7590.01
05/05/2023 04:59:41 PM: INFO: User exposure amount before bet place = 1120.0
05/05/2023 05:02:15 PM: INFO: Login Successful, login with kt11
05/05/2023 05:02:19 PM: INFO: User Wallet amount before bet place= 7590.01
05/05/2023 05:02:19 PM: INFO: User exposure amount before bet place = 1120.0
05/05/2023 05:06:15 PM: INFO: Login Successful, login with kt11
05/05/2023 05:06:19 PM: INFO: User Wallet amount before bet place= 7590.01
05/05/2023 05:06:19 PM: INFO: User exposure amount before bet place = 1120.0
05/06/2023 12:00:15 PM: INFO: Login Successful, login with kt11
05/06/2023 12:00:28 PM: INFO: User Wallet amount before bet place= 26426.57
05/06/2023 12:00:28 PM: INFO: User exposure amount before bet place = 100.5
05/06/2023 12:06:42 PM: INFO: Login Successful, login with kt11
05/06/2023 12:06:55 PM: INFO: User Wallet amount before bet place= 26426.57
05/06/2023 12:06:55 PM: INFO: User exposure amount before bet place = 100.5
05/06/2023 12:12:38 PM: INFO: Login Successful, login with kt11
05/06/2023 12:12:50 PM: INFO: User Wallet amount before bet place= 26426.57
05/06/2023 12:12:50 PM: INFO: User exposure amount before bet place = 100.5
05/06/2023 12:14:20 PM: INFO: Login Successful, login with kt11
05/06/2023 12:14:33 PM: INFO: User Wallet amount before bet place= 26426.57
05/06/2023 12:14:33 PM: INFO: User exposure amount before bet place = 100.5
05/06/2023 12:16:14 PM: INFO: Login Successful, login with kt11
05/06/2023 12:16:27 PM: INFO: User Wallet amount before bet place= 26426.57
05/06/2023 12:16:27 PM: INFO: User exposure amount before bet place = 100.5
05/06/2023 12:19:57 PM: INFO: Login Successful, login with kt11
05/06/2023 12:20:11 PM: INFO: User Wallet amount before bet place= 26426.57
05/06/2023 12:20:11 PM: INFO: User exposure amount before bet place = 100.5
05/08/2023 10:30:36 AM: INFO: Login Successful, login with kt11
05/08/2023 10:30:50 AM: INFO: User Wallet amount before bet place= 26620.57
05/08/2023 10:30:50 AM: INFO: User exposure amount before bet place = 0.0
05/08/2023 10:46:47 AM: INFO: Login Successful, login with kt11
05/08/2023 10:47:00 AM: INFO: User Wallet amount before bet place= 26620.57
05/08/2023 10:47:00 AM: INFO: User exposure amount before bet place = 0.0
05/08/2023 11:03:29 AM: INFO: Login Successful, login with kt11
05/08/2023 11:03:44 AM: INFO: User Wallet amount before bet place= 26620.57
05/08/2023 11:03:44 AM: INFO: User exposure amount before bet place = 0.0
05/08/2023 11:04:55 AM: INFO: Login Successful, login with kt11
05/08/2023 11:05:08 AM: INFO: User Wallet amount before bet place= 26620.57
05/08/2023 11:05:08 AM: INFO: User exposure amount before bet place = 0.0
05/08/2023 11:06:13 AM: INFO: Login Successful, login with kt11
05/08/2023 11:06:26 AM: INFO: User Wallet amount before bet place= 26620.57
05/08/2023 11:06:26 AM: INFO: User exposure amount before bet place = 0.0
05/08/2023 11:08:20 AM: INFO: Login Successful, login with kt11
05/08/2023 11:08:34 AM: INFO: User Wallet amount before bet place= 26620.57
05/08/2023 11:08:34 AM: INFO: User exposure amount before bet place = 0.0
05/08/2023 11:11:53 AM: INFO: Login Successful, login with kt11
05/08/2023 11:12:07 AM: INFO: User Wallet amount before bet place= 26620.57
05/08/2023 11:12:07 AM: INFO: User exposure amount before bet place = 0.0
05/08/2023 11:14:37 AM: INFO: Login Successful, login with kt11
05/08/2023 11:14:50 AM: INFO: User Wallet amount before bet place= 26620.57
05/08/2023 11:14:50 AM: INFO: User exposure amount before bet place = 0.0
05/08/2023 11:33:05 AM: INFO: Login Successful, login with kt11
05/08/2023 11:33:17 AM: INFO: User Wallet amount before bet place= 26620.57
05/08/2023 11:33:17 AM: INFO: User exposure amount before bet place = 0.0
05/08/2023 11:33:18 AM: INFO: Wager Is Selected
05/08/2023 11:34:26 AM: INFO: Login Successful, login with kt11
05/08/2023 11:34:41 AM: INFO: User Wallet amount before bet place= 26620.57
05/08/2023 11:34:41 AM: INFO: User exposure amount before bet place = 0.0
05/08/2023 11:34:42 AM: INFO: Wager Is Selected
05/08/2023 11:53:36 AM: INFO: Login Successful, login with kt11
05/08/2023 11:53:49 AM: INFO: User Wallet amount before bet place= 26620.57
05/08/2023 11:53:49 AM: INFO: User exposure amount before bet place = 0.0
05/08/2023 11:53:50 AM: INFO: Wager Is Selected
05/08/2023 11:58:08 AM: INFO: Login Successful, login with kt11
05/08/2023 11:58:22 AM: INFO: User Wallet amount before bet place= 26620.57
05/08/2023 11:58:22 AM: INFO: User exposure amount before bet place = 0.0
05/08/2023 11:58:23 AM: INFO: Wager Is Selected
05/08/2023 12:00:18 PM: INFO: Login Successful, login with kt11
05/08/2023 12:00:31 PM: INFO: User Wallet amount before bet place= 26620.57
05/08/2023 12:00:31 PM: INFO: User exposure amount before bet place = 0.0
05/08/2023 12:00:33 PM: INFO: Wager Is Selected
05/08/2023 12:06:34 PM: INFO: Login Successful, login with kt11
05/08/2023 12:06:47 PM: INFO: User Wallet amount before bet place= 26620.57
05/08/2023 12:06:47 PM: INFO: User exposure amount before bet place = 0.0
05/08/2023 12:06:49 PM: INFO: Wager Is Selected
05/08/2023 12:17:13 PM: INFO: Login Successful, login with kt11
05/08/2023 12:17:36 PM: INFO: User Wallet amount before bet place= 26620.57
05/08/2023 12:17:36 PM: INFO: User exposure amount before bet place = 0.0
05/08/2023 12:17:37 PM: INFO: Wager Is Selected
05/08/2023 12:19:07 PM: INFO: Login Successful, login with kt11
05/08/2023 12:19:31 PM: INFO: User Wallet amount before bet place= 26620.57
05/08/2023 12:19:32 PM: INFO: User exposure amount before bet place = 0.0
05/08/2023 12:19:33 PM: INFO: Wager Is Selected
05/08/2023 12:20:57 PM: INFO: Login Successful, login with kt11
05/08/2023 12:21:21 PM: INFO: User Wallet amount before bet place= 26620.57
05/08/2023 12:21:21 PM: INFO: User exposure amount before bet place = 0.0
05/08/2023 12:21:22 PM: INFO: Wager Is Selected
05/08/2023 12:24:56 PM: INFO: Login Successful, login with kt11
05/08/2023 12:25:20 PM: INFO: User Wallet amount before bet place= 26620.57
05/08/2023 12:25:20 PM: INFO: User exposure amount before bet place = 0.0
05/08/2023 12:25:21 PM: INFO: Wager Is Selected
05/08/2023 02:48:47 PM: INFO: Login Successful, login with kt11
05/08/2023 02:49:10 PM: INFO: User Wallet amount before bet place= 26620.57
05/08/2023 02:49:10 PM: INFO: User exposure amount before bet place = 0.0
05/08/2023 02:49:11 PM: INFO: Wager Is Selected
05/08/2023 02:51:29 PM: INFO: Login Successful, login with kt11
05/08/2023 02:51:53 PM: INFO: User Wallet amount before bet place= 26620.57
05/08/2023 02:51:53 PM: INFO: User exposure amount before bet place = 0.0
05/08/2023 02:51:54 PM: INFO: Wager Is Selected
05/08/2023 02:54:41 PM: INFO: Login Successful, login with kt11
05/08/2023 02:55:05 PM: INFO: User Wallet amount before bet place= 26620.57
05/08/2023 02:55:05 PM: INFO: User exposure amount before bet place = 0.0
05/08/2023 02:55:06 PM: INFO: Wager Is Selected
05/08/2023 03:00:20 PM: INFO: Login Successful, login with kt11
05/08/2023 03:00:44 PM: INFO: User Wallet amount before bet place= 26620.57
05/08/2023 03:00:44 PM: INFO: User exposure amount before bet place = 0.0
05/08/2023 03:00:45 PM: INFO: Wager Is Selected
05/08/2023 03:01:41 PM: INFO: Login Successful, login with kt11
05/08/2023 03:02:05 PM: INFO: User Wallet amount before bet place= 26620.57
05/08/2023 03:02:05 PM: INFO: User exposure amount before bet place = 0.0
05/08/2023 03:02:06 PM: INFO: Wager Is Selected
05/08/2023 03:03:05 PM: INFO: Login Successful, login with kt11
05/08/2023 03:03:28 PM: INFO: User Wallet amount before bet place= 26620.57
05/08/2023 03:03:28 PM: INFO: User exposure amount before bet place = 0.0
05/08/2023 03:03:29 PM: INFO: Wager Is Selected
05/08/2023 03:04:37 PM: INFO: Login Successful, login with kt11
05/08/2023 03:05:02 PM: INFO: User Wallet amount before bet place= 26620.57
05/08/2023 03:05:02 PM: INFO: User exposure amount before bet place = 0.0
05/08/2023 03:05:04 PM: INFO: Wager Is Selected
05/08/2023 03:16:11 PM: INFO: Login Successful, login with kt11
05/08/2023 03:16:34 PM: INFO: User Wallet amount before bet place= 26624.68
05/08/2023 03:16:34 PM: INFO: User exposure amount before bet place = 0.0
05/08/2023 03:16:35 PM: INFO: Wager Is Selected
05/08/2023 03:18:04 PM: INFO: Login Successful, login with kt11
05/08/2023 03:18:28 PM: INFO: User Wallet amount before bet place= 26624.68
05/08/2023 03:18:28 PM: INFO: User exposure amount before bet place = 0.0
05/08/2023 03:18:29 PM: INFO: Wager Is Selected
05/08/2023 03:20:36 PM: INFO: Login Successful, login with kt11
05/08/2023 03:20:59 PM: INFO: User Wallet amount before bet place= 26624.68
05/08/2023 03:20:59 PM: INFO: User exposure amount before bet place = 0.0
05/08/2023 03:21:01 PM: INFO: Wager Is Selected
05/08/2023 03:38:03 PM: INFO: Login Successful, login with kt11
05/08/2023 03:38:26 PM: INFO: User Wallet amount before bet place= 26624.68
05/08/2023 03:38:26 PM: INFO: User exposure amount before bet place = 0.0
05/08/2023 03:38:27 PM: INFO: Wager Is Selected
05/08/2023 03:41:35 PM: INFO: Login Successful, login with kt11
05/08/2023 03:41:59 PM: INFO: User Wallet amount before bet place= 26624.68
05/08/2023 03:41:59 PM: INFO: User exposure amount before bet place = 0.0
05/08/2023 03:42:01 PM: INFO: Wager Is Selected
05/08/2023 03:56:49 PM: INFO: Login Successful, login with kt11
05/08/2023 03:57:15 PM: INFO: User Wallet amount before bet place= 26624.68
05/08/2023 03:57:15 PM: INFO: User exposure amount before bet place = 0.0
05/08/2023 03:57:16 PM: INFO: Wager Is Selected
05/08/2023 04:22:19 PM: INFO: Login Successful, login with kt11
05/08/2023 04:22:43 PM: INFO: User Wallet amount before bet place= 26624.68
05/08/2023 04:22:43 PM: INFO: User exposure amount before bet place = 0.0
05/08/2023 04:22:45 PM: INFO: Wager Is Selected
05/08/2023 04:23:57 PM: INFO: Login Successful, login with kt11
05/08/2023 04:24:21 PM: INFO: User Wallet amount before bet place= 26624.68
05/08/2023 04:24:21 PM: INFO: User exposure amount before bet place = 0.0
05/08/2023 04:24:22 PM: INFO: Wager Is Selected
05/08/2023 04:25:51 PM: INFO: Login Successful, login with kt11
05/08/2023 04:27:21 PM: INFO: Login Successful, login with kt11
05/08/2023 04:27:45 PM: INFO: User Wallet amount before bet place= 26624.68
05/08/2023 04:27:45 PM: INFO: User exposure amount before bet place = 0.0
05/08/2023 04:27:46 PM: INFO: Wager Is Selected
05/08/2023 04:42:57 PM: INFO: Login Successful, login with kt11
05/08/2023 04:43:20 PM: INFO: User Wallet amount before bet place= 26536.58
05/08/2023 04:43:20 PM: INFO: User exposure amount before bet place = 88.1
05/08/2023 04:43:21 PM: INFO: Wager Is Selected
05/08/2023 05:25:19 PM: INFO: Login Successful, login with kt11
05/08/2023 05:25:43 PM: INFO: User Wallet amount before bet place= 26536.58
05/08/2023 05:25:43 PM: INFO: User exposure amount before bet place = 88.1
05/08/2023 05:25:44 PM: INFO: Wager Is Selected
05/08/2023 05:37:55 PM: INFO: Login Successful, login with kt11
05/08/2023 05:38:19 PM: INFO: User Wallet amount before bet place= 26536.58
05/08/2023 05:38:19 PM: INFO: User exposure amount before bet place = 0.0
05/08/2023 05:38:20 PM: INFO: Wager Is Selected
05/08/2023 05:40:31 PM: INFO: Login Successful, login with kt11
05/08/2023 05:40:54 PM: INFO: User Wallet amount before bet place= 26536.58
05/08/2023 05:40:54 PM: INFO: User exposure amount before bet place = 0.0
05/08/2023 05:40:55 PM: INFO: Wager Is Selected
05/08/2023 05:47:33 PM: INFO: Login Successful, login with kt11
05/08/2023 05:47:57 PM: INFO: User Wallet amount before bet place= 26536.58
05/08/2023 05:47:57 PM: INFO: User exposure amount before bet place = 0.0
05/08/2023 05:47:58 PM: INFO: Wager Is Selected
05/08/2023 05:50:14 PM: INFO: Login Successful, login with kt11
05/08/2023 05:50:38 PM: INFO: User Wallet amount before bet place= 26536.58
05/08/2023 05:50:38 PM: INFO: User exposure amount before bet place = 0.0
05/08/2023 05:50:39 PM: INFO: Wager Is Selected
05/08/2023 05:53:49 PM: INFO: Login Successful, login with kt11
05/08/2023 05:54:13 PM: INFO: User Wallet amount before bet place= 26536.58
05/08/2023 05:54:13 PM: INFO: User exposure amount before bet place = 0.0
05/08/2023 05:54:14 PM: INFO: Wager Is Selected
05/08/2023 05:56:44 PM: INFO: Login Successful, login with kt11
05/08/2023 05:57:09 PM: INFO: User Wallet amount before bet place= 26536.58
05/08/2023 05:57:09 PM: INFO: User exposure amount before bet place = 0.0
05/08/2023 05:57:10 PM: INFO: Wager Is Selected
05/08/2023 06:00:54 PM: INFO: Login Successful, login with kt11
05/08/2023 06:01:18 PM: INFO: User Wallet amount before bet place= 26536.58
05/08/2023 06:01:18 PM: INFO: User exposure amount before bet place = 0.0
05/08/2023 06:01:19 PM: INFO: Wager Is Selected
05/08/2023 06:13:38 PM: INFO: Login Successful, login with kt11
05/08/2023 06:14:02 PM: INFO: User Wallet amount before bet place= 26536.58
05/08/2023 06:14:02 PM: INFO: User exposure amount before bet place = 0.0
05/08/2023 06:14:03 PM: INFO: Wager Is Selected
05/08/2023 06:15:57 PM: INFO: Login Successful, login with kt11
05/08/2023 06:16:21 PM: INFO: User Wallet amount before bet place= 26536.58
05/08/2023 06:16:21 PM: INFO: User exposure amount before bet place = 0.0
05/08/2023 06:16:22 PM: INFO: Wager Is Selected
05/08/2023 06:19:48 PM: INFO: Login Successful, login with kt11
05/08/2023 06:20:12 PM: INFO: User Wallet amount before bet place= 26536.58
05/08/2023 06:20:12 PM: INFO: User exposure amount before bet place = 0.0
05/08/2023 06:20:15 PM: INFO: Wager Is Selected
05/08/2023 06:28:14 PM: INFO: Login Successful, login with kt11
05/08/2023 06:28:39 PM: INFO: User Wallet amount before bet place= 26536.58
05/08/2023 06:28:39 PM: INFO: User exposure amount before bet place = 0.0
05/08/2023 06:28:41 PM: INFO: Wager Is Selected
05/09/2023 10:31:19 AM: INFO: Login Successful, login with kt11
05/09/2023 10:31:42 AM: INFO: User Wallet amount before bet place= 26536.58
05/09/2023 10:31:42 AM: INFO: User exposure amount before bet place = 0.0
05/09/2023 10:31:44 AM: INFO: Wager Is Selected
05/09/2023 10:49:22 AM: INFO: Login Successful, login with kt11
05/09/2023 10:49:46 AM: INFO: User Wallet amount before bet place= 26536.58
05/09/2023 10:49:46 AM: INFO: User exposure amount before bet place = 0.0
05/09/2023 10:49:47 AM: INFO: Wager Is Selected
05/09/2023 10:56:27 AM: INFO: Login Successful, login with kt11
05/09/2023 10:56:51 AM: INFO: User Wallet amount before bet place= 26536.58
05/09/2023 10:56:51 AM: INFO: User exposure amount before bet place = 0.0
05/09/2023 10:56:52 AM: INFO: Wager Is Selected
05/09/2023 10:58:39 AM: INFO: Login Successful, login with kt11
05/09/2023 10:59:03 AM: INFO: User Wallet amount before bet place= 26536.58
05/09/2023 10:59:03 AM: INFO: User exposure amount before bet place = 0.0
05/09/2023 10:59:04 AM: INFO: Wager Is Selected
05/09/2023 11:07:43 AM: INFO: Login Successful, login with kt11
05/09/2023 11:08:08 AM: INFO: User Wallet amount before bet place= 26536.58
05/09/2023 11:08:08 AM: INFO: User exposure amount before bet place = 0.0
05/09/2023 11:08:09 AM: INFO: Real Money is selected And Now Turn On Wager
05/09/2023 11:15:34 AM: INFO: Login Successful, login with kt11
05/09/2023 11:15:58 AM: INFO: User Wallet amount before bet place= 26336.58
05/09/2023 11:15:58 AM: INFO: User exposure amount before bet place = 200.0
05/09/2023 11:16:00 AM: INFO: Real money is selected
05/09/2023 11:18:35 AM: INFO: Login Successful, login with kt11
05/09/2023 11:19:00 AM: INFO: User Wallet amount before bet place= 26136.58
05/09/2023 11:19:00 AM: INFO: User exposure amount before bet place = 400.0
05/09/2023 11:19:01 AM: INFO: Real money is selected
05/09/2023 11:20:40 AM: INFO: Login Successful, login with kt11
05/09/2023 11:21:04 AM: INFO: User Wallet amount before bet place= 25936.58
05/09/2023 11:21:04 AM: INFO: User exposure amount before bet place = 600.0
05/09/2023 11:21:05 AM: INFO: Real money is selected
05/09/2023 11:21:49 AM: INFO: open bet dialog not available
05/09/2023 11:26:47 AM: INFO: Login Successful, login with kt11
05/09/2023 11:27:12 AM: INFO: User Wallet amount before bet place= 25736.58
05/09/2023 11:27:12 AM: INFO: User exposure amount before bet place = 800.0
05/09/2023 11:27:13 AM: INFO: Real money is selected
05/09/2023 11:28:00 AM: INFO: open bet dialog not available
05/09/2023 11:33:00 AM: INFO: Login Successful, login with kt11
05/09/2023 11:33:24 AM: INFO: User Wallet amount before bet place= 25536.58
05/09/2023 11:33:24 AM: INFO: User exposure amount before bet place = 1000.0
05/09/2023 11:33:25 AM: INFO: Real money is selected
05/09/2023 11:35:35 AM: INFO: Login Successful, login with kt11
05/09/2023 11:36:00 AM: INFO: User Wallet amount before bet place= 25536.58
05/09/2023 11:36:00 AM: INFO: User exposure amount before bet place = 1000.0
05/09/2023 11:36:03 AM: INFO: Real money is selected
05/09/2023 11:41:04 AM: INFO: Login Successful, login with kt11
05/09/2023 11:41:28 AM: INFO: User Wallet amount before bet place= 25436.58
05/09/2023 11:41:28 AM: INFO: User exposure amount before bet place = 1100.0
05/09/2023 11:41:29 AM: INFO: Real money is selected
05/09/2023 11:42:10 AM: INFO: Open Bet Report Not Open
05/09/2023 11:51:40 AM: INFO: Login Successful, login with kt11
05/09/2023 11:52:04 AM: INFO: User Wallet amount before bet place= 25336.58
05/09/2023 11:52:04 AM: INFO: User exposure amount before bet place = 1200.0
05/09/2023 11:52:06 AM: INFO: Real money is selected
05/09/2023 01:41:17 PM: INFO: Login Successful, login with kt11
05/09/2023 01:42:02 PM: INFO: User Wallet amount before bet place= 25236.58
05/09/2023 01:42:02 PM: INFO: User exposure amount before bet place = 1300.0
05/09/2023 01:42:03 PM: INFO: Real money is selected
05/09/2023 01:52:48 PM: INFO: Login Successful, login with kt11
05/09/2023 01:53:33 PM: INFO: User Wallet amount before bet place= 25236.58
05/09/2023 01:53:33 PM: INFO: User exposure amount before bet place = 1300.0
05/09/2023 01:53:34 PM: INFO: Real money is selected
05/09/2023 02:16:42 PM: INFO: Login Successful, login with kt11
05/09/2023 02:17:25 PM: INFO: User Wallet amount before bet place= 25236.58
05/09/2023 02:17:25 PM: INFO: User exposure amount before bet place = 1300.0
05/09/2023 02:17:27 PM: INFO: Real money is selected
05/09/2023 02:20:00 PM: INFO: Login Successful, login with kt11
05/09/2023 02:20:43 PM: INFO: User Wallet amount before bet place= 25236.58
05/09/2023 02:20:43 PM: INFO: User exposure amount before bet place = 1300.0
05/09/2023 02:20:45 PM: INFO: Real money is selected
05/09/2023 02:30:04 PM: INFO: Login Successful, login with kt11
05/09/2023 02:30:47 PM: INFO: User Wallet amount before bet place= 25236.58
05/09/2023 02:30:47 PM: INFO: User exposure amount before bet place = 1300.0
05/09/2023 02:30:49 PM: INFO: Real money is selected
05/09/2023 02:43:05 PM: INFO: Login Successful, login with kt11
05/09/2023 02:43:48 PM: INFO: User Wallet amount before bet place= 25236.58
05/09/2023 02:43:48 PM: INFO: User exposure amount before bet place = 1300.0
05/09/2023 02:43:49 PM: INFO: Real money is selected
05/10/2023 10:09:10 AM: INFO: User not login message = java.lang.IllegalStateException: Expected BEGIN_OBJECT but was BEGIN_ARRAY at line 1 column 24 path $.result.gameData
05/10/2023 10:09:57 AM: INFO: User Wallet amount before bet place= 26812.58
05/10/2023 10:09:57 AM: INFO: User exposure amount before bet place = 500.0
05/10/2023 10:09:58 AM: INFO: Real money is selected
05/10/2023 10:39:10 AM: INFO: User not login message = java.lang.IllegalStateException: Expected BEGIN_OBJECT but was BEGIN_ARRAY at line 1 column 24 path $.result.gameData
05/10/2023 10:39:57 AM: INFO: User Wallet amount before bet place= 26812.58
05/10/2023 10:39:57 AM: INFO: User exposure amount before bet place = 500.0
05/10/2023 10:39:58 AM: INFO: Real money is selected
05/10/2023 10:40:13 AM: INFO: Bet has been placed successfully
05/10/2023 10:40:20 AM: INFO: Bet Place Team Name = Chennai Super Kings 
05/10/2023 10:40:20 AM: INFO: Bet Odds = 1.97
05/10/2023 10:40:20 AM: INFO: Bet Stake Amount = 100.0
05/10/2023 10:40:20 AM: INFO: P/L On Bet = 97.00
05/10/2023 10:40:21 AM: INFO: Exposure After Bet Place = 600
05/10/2023 10:40:22 AM: INFO: Wallet Amount After Bet Place = 26712
05/10/2023 10:40:26 AM: INFO: Bet Place Team Name = Chennai Super Kings 
05/10/2023 10:40:27 AM: INFO: Bet Odds = 1.97
05/10/2023 10:40:27 AM: INFO: Bet Stake Amount = 100.0
05/10/2023 10:40:27 AM: INFO: P/L On Bet = 97.0
05/10/2023 10:58:02 AM: INFO: User not login message = java.lang.IllegalStateException: Expected BEGIN_OBJECT but was BEGIN_ARRAY at line 1 column 24 path $.result.gameData
05/10/2023 10:58:49 AM: INFO: User Wallet amount before bet place= 26712.58
05/10/2023 10:58:49 AM: INFO: User exposure amount before bet place = 600.0
05/10/2023 10:58:50 AM: INFO: Real money is selected
05/10/2023 10:59:03 AM: INFO: Bet has been placed successfully
05/10/2023 10:59:11 AM: INFO: Bet Place Team Name = Chennai Super Kings 
05/10/2023 10:59:11 AM: INFO: Bet Odds = 1.97
05/10/2023 10:59:11 AM: INFO: Bet Stake Amount = 100.0
05/10/2023 10:59:11 AM: INFO: P/L On Bet = 97.00
05/10/2023 10:59:13 AM: INFO: Exposure After Bet Place = 700
05/10/2023 10:59:13 AM: INFO: Wallet Amount After Bet Place = 26612
05/10/2023 10:59:18 AM: INFO: Bet Place Team Name = Chennai Super Kings 
05/10/2023 10:59:18 AM: INFO: Bet Odds = 1.97
05/10/2023 10:59:18 AM: INFO: Bet Stake Amount = 100.0
05/10/2023 10:59:18 AM: INFO: P/L On Bet = 97.0
05/10/2023 11:03:31 AM: INFO: User not login message = java.lang.IllegalStateException: Expected BEGIN_OBJECT but was BEGIN_ARRAY at line 1 column 24 path $.result.gameData
05/10/2023 11:04:16 AM: INFO: User Wallet amount before bet place= 26612.58
05/10/2023 11:04:16 AM: INFO: User exposure amount before bet place = 700.0
05/10/2023 11:04:17 AM: INFO: Real money is selected
05/10/2023 11:04:33 AM: INFO: Bet has been placed successfully
05/10/2023 11:04:40 AM: INFO: Bet Place Team Name = Chennai Super Kings 
05/10/2023 11:04:40 AM: INFO: Bet Odds = 1.97
05/10/2023 11:04:40 AM: INFO: Bet Stake Amount = 100.0
05/10/2023 11:04:40 AM: INFO: P/L On Bet = 97.00
05/10/2023 11:04:42 AM: INFO: Exposure After Bet Place = 800
05/10/2023 11:04:43 AM: INFO: Wallet Amount After Bet Place = 26512
05/10/2023 11:04:47 AM: INFO: Bet Place Team Name = Chennai Super Kings 
05/10/2023 11:04:47 AM: INFO: Bet Odds = 1.97
05/10/2023 11:04:47 AM: INFO: Bet Stake Amount = 100.0
05/10/2023 11:04:47 AM: INFO: P/L On Bet = 97.0
05/10/2023 04:56:17 PM: INFO: User not login message = java.lang.IllegalStateException: Expected BEGIN_OBJECT but was BEGIN_ARRAY at line 1 column 24 path $.result.gameData
05/10/2023 04:57:02 PM: INFO: User Wallet amount before bet place= 26512.58
05/10/2023 04:57:02 PM: INFO: User exposure amount before bet place = 800.0
05/10/2023 04:57:03 PM: INFO: Real money is selected
05/10/2023 05:00:45 PM: INFO: User not login message = java.lang.IllegalStateException: Expected BEGIN_OBJECT but was BEGIN_ARRAY at line 1 column 24 path $.result.gameData
05/10/2023 05:01:32 PM: INFO: User Wallet amount before bet place= 26512.58
05/10/2023 05:01:32 PM: INFO: User exposure amount before bet place = 800.0
05/10/2023 05:01:33 PM: INFO: Real money is selected
05/10/2023 05:16:33 PM: INFO: User not login message = java.lang.IllegalStateException: Expected BEGIN_OBJECT but was BEGIN_ARRAY at line 1 column 24 path $.result.gameData
05/10/2023 05:17:20 PM: INFO: User Wallet amount before bet place= 26512.58
05/10/2023 05:17:20 PM: INFO: User exposure amount before bet place = 800.0
05/10/2023 05:17:21 PM: INFO: Real money is selected
05/10/2023 05:22:12 PM: INFO: User not login message = java.lang.IllegalStateException: Expected BEGIN_OBJECT but was BEGIN_ARRAY at line 1 column 24 path $.result.gameData
05/10/2023 05:22:57 PM: INFO: User Wallet amount before bet place= 26412.58
05/10/2023 05:22:57 PM: INFO: User exposure amount before bet place = 900.0
05/10/2023 05:22:58 PM: INFO: Real money is selected
05/10/2023 05:25:52 PM: INFO: User not login message = java.lang.IllegalStateException: Expected BEGIN_OBJECT but was BEGIN_ARRAY at line 1 column 24 path $.result.gameData
05/10/2023 05:26:37 PM: INFO: User Wallet amount before bet place= 26312.58
05/10/2023 05:26:37 PM: INFO: User exposure amount before bet place = 1000.0
05/10/2023 05:26:38 PM: INFO: Real money is selected
05/10/2023 05:35:05 PM: INFO: User not login message = java.lang.IllegalStateException: Expected BEGIN_OBJECT but was BEGIN_ARRAY at line 1 column 24 path $.result.gameData
05/10/2023 05:35:53 PM: INFO: User Wallet amount before bet place= 26212.58
05/10/2023 05:35:53 PM: INFO: User exposure amount before bet place = 1100.0
05/10/2023 05:35:54 PM: INFO: Real money is selected
05/10/2023 05:37:03 PM: INFO: Bet has been placed successfully
05/10/2023 05:37:06 PM: INFO: Bet Place Team Name = Gerald Melzer
05/10/2023 05:37:06 PM: INFO: Bet Odds = 2.22
05/10/2023 05:37:06 PM: INFO: Bet Stake Amount = 100.0
05/10/2023 05:37:06 PM: INFO: P/L On Bet = 122.00
05/10/2023 05:37:09 PM: INFO: Exposure After Bet Place = 1200
05/10/2023 05:37:10 PM: INFO: Wallet Amount After Bet Place = 26112
05/10/2023 05:37:16 PM: INFO: Bet Place Team Name = Gerald Melzer
05/10/2023 05:37:16 PM: INFO: Bet Odds = 2.2
05/10/2023 05:37:16 PM: INFO: Bet Stake Amount = 100.0
05/10/2023 05:37:16 PM: INFO: P/L On Bet = 120.0
05/10/2023 05:37:16 PM: INFO: Test Passed Wallet amount and Exposure is updated after Bet place
05/10/2023 05:40:21 PM: INFO: User not login message = java.lang.IllegalStateException: Expected BEGIN_OBJECT but was BEGIN_ARRAY at line 1 column 24 path $.result.gameData
05/10/2023 05:41:06 PM: INFO: User Wallet amount before bet place= 26112.58
05/10/2023 05:41:06 PM: INFO: User exposure amount before bet place = 1200.0
05/10/2023 05:41:07 PM: INFO: Real money is selected
05/10/2023 05:43:26 PM: INFO: User not login message = java.lang.IllegalStateException: Expected BEGIN_OBJECT but was BEGIN_ARRAY at line 1 column 24 path $.result.gameData
05/10/2023 05:44:12 PM: INFO: User Wallet amount before bet place= 26012.58
05/10/2023 05:44:12 PM: INFO: User exposure amount before bet place = 1300.0
05/10/2023 05:44:13 PM: INFO: Real money is selected
05/10/2023 05:46:09 PM: INFO: User not login message = java.lang.IllegalStateException: Expected BEGIN_OBJECT but was BEGIN_ARRAY at line 1 column 24 path $.result.gameData
05/10/2023 05:46:54 PM: INFO: User Wallet amount before bet place= 26012.58
05/10/2023 05:46:54 PM: INFO: User exposure amount before bet place = 1300.0
05/10/2023 05:46:55 PM: INFO: Real money is selected
05/10/2023 05:54:16 PM: INFO: Login Successful, login with kt11
05/10/2023 05:55:02 PM: INFO: User Wallet amount before bet place= 26012.58
05/10/2023 05:55:02 PM: INFO: User exposure amount before bet place = 1300.0
05/10/2023 05:55:03 PM: INFO: Real money is selected
05/10/2023 06:08:13 PM: INFO: Login Successful, login with kt11
05/10/2023 06:08:58 PM: INFO: User Wallet amount before bet place= 26012.58
05/10/2023 06:08:58 PM: INFO: User exposure amount before bet place = 1300.0
05/10/2023 06:08:59 PM: INFO: Real money is selected
05/10/2023 06:09:24 PM: INFO: exception occur 0 match team name = ['G MELZER']
05/10/2023 06:09:26 PM: INFO: exception occur 1 match team name = ['G MELZER']
05/10/2023 06:09:27 PM: INFO: exception occur 2 match team name = ['G MELZER']
05/10/2023 06:09:28 PM: INFO: exception occur 3 match team name = ['G MELZER']
05/10/2023 06:09:29 PM: INFO: exception occur 4 match team name = ['G MELZER']
05/10/2023 06:09:30 PM: INFO: exception occur 5 match team name = ['G MELZER']
05/10/2023 06:09:32 PM: INFO: exception occur 6 match team name = ['G MELZER']
05/10/2023 06:09:33 PM: INFO: exception occur 7 match team name = ['G MELZER']
05/10/2023 06:12:45 PM: INFO: Login Successful, login with kt11
05/10/2023 06:13:30 PM: INFO: User Wallet amount before bet place= 26012.58
05/10/2023 06:13:30 PM: INFO: User exposure amount before bet place = 1300.0
05/10/2023 06:13:31 PM: INFO: Real money is selected
05/10/2023 06:14:11 PM: INFO: exception occur 0 match team name = ['G MELZER']
05/10/2023 06:14:12 PM: INFO: exception occur 1 match team name = ['G MELZER']
05/10/2023 06:14:13 PM: INFO: exception occur 2 match team name = ['G MELZER']
05/10/2023 06:14:14 PM: INFO: exception occur 3 match team name = ['G MELZER']
05/10/2023 06:14:16 PM: INFO: exception occur 4 match team name = ['G MELZER']
05/10/2023 06:14:17 PM: INFO: exception occur 5 match team name = ['G MELZER']
05/10/2023 06:14:18 PM: INFO: exception occur 6 match team name = ['G MELZER']
05/10/2023 06:14:19 PM: INFO: exception occur 7 match team name = ['G MELZER']
05/10/2023 06:21:52 PM: INFO: Login Successful, login with kt11
05/10/2023 06:22:59 PM: INFO: User Wallet amount before bet place= 26012.58
05/10/2023 06:22:59 PM: INFO: User exposure amount before bet place = 1300.0
05/10/2023 06:23:00 PM: INFO: Real money is selected
05/10/2023 06:24:00 PM: INFO: Enter into market successfully match name =G MELZER
05/10/2023 06:24:11 PM: INFO: exception occur 1 match team name = ['G MELZER']
05/10/2023 06:25:12 PM: INFO: User not login message = java.lang.IllegalStateException: Expected BEGIN_OBJECT but was BEGIN_ARRAY at line 1 column 24 path $.result.gameData
05/10/2023 06:26:18 PM: INFO: User Wallet amount before bet place= 26012.58
05/10/2023 06:26:18 PM: INFO: User exposure amount before bet place = 1300.0
05/10/2023 06:26:19 PM: INFO: Real money is selected
05/10/2023 06:27:11 PM: INFO: exception occur 0 match team name = ['G MELZER']
05/10/2023 06:27:30 PM: INFO: Enter into market successfully match name =EL COCCIARETTO
05/10/2023 06:27:50 PM: INFO: Enter into market successfully match name =PAVLYUCHENKOVA
05/10/2023 06:28:39 PM: INFO: exception occur 3 match team name = ['G MELZER', 'EL COCCIARETTO', 'PAVLYUCHENKOVA', 'GIUSTINO']
05/10/2023 06:28:57 PM: INFO: Enter into market successfully match name =MA PAOLETTI
05/10/2023 06:29:15 PM: INFO: Enter into market successfully match name =TAYLO TOWNSEND
05/10/2023 06:29:35 PM: INFO: Enter into market successfully match name =V GRACHEVA
05/10/2023 06:29:55 PM: INFO: Enter into market successfully match name =MENSIK
05/10/2023 06:30:16 PM: INFO: Enter into market successfully match name =N HARDT
05/10/2023 06:30:49 PM: INFO: exception occur 7 match team name = ['G MELZER', 'EL COCCIARETTO', 'PAVLYUCHENKOVA', 'GIUSTINO', 'MA PAOLETTI', 'TAYLO TOWNSEND', 'V GRACHEVA', 'MENSIK', 'N HARDT', 'LESTIENNE']
